<?xml version="1.0" encoding="UTF-8"?>
<coverage generated="1686215987953" clover="3.2.0">
  <project timestamp="1686215987953" name="All files">
    <metrics statements="88" coveredstatements="43" conditionals="37" coveredconditionals="9" methods="38" coveredmethods="14" elements="163" coveredelements="66" complexity="0" loc="88" ncloc="88" packages="6" files="14" classes="14"/>
    <package name="src">
      <metrics statements="15" coveredstatements="4" conditionals="7" coveredconditionals="3" methods="5" coveredmethods="3"/>
      <file name="App.js" path="C:\Users\HP\OneDrive\Desktop\React\gif-app\src\App.js">
        <metrics statements="2" coveredstatements="2" conditionals="0" coveredconditionals="0" methods="1" coveredmethods="1"/>
        <line num="4" count="1" type="stmt"/>
        <line num="5" count="1" type="stmt"/>
      </file>
      <file name="index.js" path="C:\Users\HP\OneDrive\Desktop\React\gif-app\src\index.js">
        <metrics statements="3" coveredstatements="0" conditionals="0" coveredconditionals="0" methods="0" coveredmethods="0"/>
        <line num="9" count="0" type="stmt"/>
        <line num="11" count="0" type="stmt"/>
        <line num="22" count="0" type="stmt"/>
      </file>
      <file name="reportWebVitals.js" path="C:\Users\HP\OneDrive\Desktop\React\gif-app\src\reportWebVitals.js">
        <metrics statements="8" coveredstatements="0" conditionals="4" coveredconditionals="0" methods="2" coveredmethods="0"/>
        <line num="1" count="0" type="stmt"/>
        <line num="2" count="0" type="cond" truecount="0" falsecount="4"/>
        <line num="3" count="0" type="stmt"/>
        <line num="4" count="0" type="stmt"/>
        <line num="5" count="0" type="stmt"/>
        <line num="6" count="0" type="stmt"/>
        <line num="7" count="0" type="stmt"/>
        <line num="8" count="0" type="stmt"/>
      </file>
      <file name="test-utils.js" path="C:\Users\HP\OneDrive\Desktop\React\gif-app\src\test-utils.js">
        <metrics statements="2" coveredstatements="2" conditionals="3" coveredconditionals="3" methods="2" coveredmethods="2"/>
        <line num="21" count="1" type="stmt"/>
        <line num="25" count="1" type="stmt"/>
      </file>
    </package>
    <package name="src.Components">
      <metrics statements="40" coveredstatements="22" conditionals="20" coveredconditionals="2" methods="20" coveredmethods="7"/>
      <file name="GifList.jsx" path="C:\Users\HP\OneDrive\Desktop\React\gif-app\src\Components\GifList.jsx">
        <metrics statements="6" coveredstatements="3" conditionals="2" coveredconditionals="0" methods="3" coveredmethods="1"/>
        <line num="7" count="1" type="stmt"/>
        <line num="8" count="1" type="stmt"/>
        <line num="9" count="0" type="stmt"/>
        <line num="10" count="0" type="stmt"/>
        <line num="14" count="0" type="stmt"/>
        <line num="23" count="1" type="stmt"/>
      </file>
      <file name="GifModal.jsx" path="C:\Users\HP\OneDrive\Desktop\React\gif-app\src\Components\GifModal.jsx">
        <metrics statements="9" coveredstatements="6" conditionals="6" coveredconditionals="1" methods="5" coveredmethods="3"/>
        <line num="12" count="1" type="stmt"/>
        <line num="13" count="1" type="stmt"/>
        <line num="14" count="1" type="stmt"/>
        <line num="15" count="1" type="stmt"/>
        <line num="16" count="1" type="cond" truecount="1" falsecount="1"/>
        <line num="17" count="1" type="stmt"/>
        <line num="20" count="0" type="stmt"/>
        <line num="21" count="0" type="stmt"/>
        <line num="23" count="0" type="stmt"/>
      </file>
      <file name="Home.jsx" path="C:\Users\HP\OneDrive\Desktop\React\gif-app\src\Components\Home.jsx">
        <metrics statements="16" coveredstatements="12" conditionals="2" coveredconditionals="1" methods="7" coveredmethods="3"/>
        <line num="19" count="1" type="stmt"/>
        <line num="20" count="1" type="stmt"/>
        <line num="21" count="1" type="stmt"/>
        <line num="23" count="1" type="stmt"/>
        <line num="24" count="1" type="stmt"/>
        <line num="25" count="1" type="stmt"/>
        <line num="26" count="1" type="stmt"/>
        <line num="27" count="1" type="stmt"/>
        <line num="28" count="1" type="stmt"/>
        <line num="30" count="1" type="stmt"/>
        <line num="31" count="1" type="stmt"/>
        <line num="34" count="1" type="stmt"/>
        <line num="39" count="0" type="stmt"/>
        <line num="44" count="0" type="stmt"/>
        <line num="51" count="0" type="stmt"/>
        <line num="58" count="0" type="stmt"/>
      </file>
      <file name="Pagination.jsx" path="C:\Users\HP\OneDrive\Desktop\React\gif-app\src\Components\Pagination.jsx">
        <metrics statements="9" coveredstatements="1" conditionals="10" coveredconditionals="0" methods="5" coveredmethods="0"/>
        <line num="12" count="1" type="stmt"/>
        <line num="13" count="0" type="stmt"/>
        <line num="15" count="0" type="stmt"/>
        <line num="16" count="0" type="cond" truecount="0" falsecount="2"/>
        <line num="18" count="0" type="stmt"/>
        <line num="19" count="0" type="cond" truecount="0" falsecount="2"/>
        <line num="21" count="0" type="stmt"/>
        <line num="30" count="0" type="stmt"/>
        <line num="35" count="0" type="stmt"/>
      </file>
    </package>
    <package name="src.redux">
      <metrics statements="1" coveredstatements="0" conditionals="0" coveredconditionals="0" methods="0" coveredmethods="0"/>
      <file name="store.js" path="C:\Users\HP\OneDrive\Desktop\React\gif-app\src\redux\store.js">
        <metrics statements="1" coveredstatements="0" conditionals="0" coveredconditionals="0" methods="0" coveredmethods="0"/>
        <line num="4" count="0" type="stmt"/>
      </file>
    </package>
    <package name="src.redux.actions">
      <metrics statements="15" coveredstatements="6" conditionals="1" coveredconditionals="0" methods="11" coveredmethods="2"/>
      <file name="index.js" path="C:\Users\HP\OneDrive\Desktop\React\gif-app\src\redux\actions\index.js">
        <metrics statements="15" coveredstatements="6" conditionals="1" coveredconditionals="0" methods="11" coveredmethods="2"/>
        <line num="10" count="1" type="stmt"/>
        <line num="11" count="1" type="stmt"/>
        <line num="12" count="1" type="stmt"/>
        <line num="13" count="1" type="stmt"/>
        <line num="16" count="0" type="stmt"/>
        <line num="17" count="0" type="stmt"/>
        <line num="20" count="0" type="stmt"/>
        <line num="29" count="1" type="stmt"/>
        <line num="30" count="1" type="stmt"/>
        <line num="31" count="0" type="stmt"/>
        <line num="40" count="0" type="stmt"/>
        <line num="41" count="0" type="stmt"/>
        <line num="42" count="0" type="stmt"/>
        <line num="51" count="0" type="stmt"/>
        <line num="58" count="0" type="stmt"/>
      </file>
    </package>
    <package name="src.redux.constants">
      <metrics statements="5" coveredstatements="5" conditionals="0" coveredconditionals="0" methods="0" coveredmethods="0"/>
      <file name="index.js" path="C:\Users\HP\OneDrive\Desktop\React\gif-app\src\redux\constants\index.js">
        <metrics statements="5" coveredstatements="5" conditionals="0" coveredconditionals="0" methods="0" coveredmethods="0"/>
        <line num="1" count="1" type="stmt"/>
        <line num="2" count="1" type="stmt"/>
        <line num="3" count="1" type="stmt"/>
        <line num="4" count="1" type="stmt"/>
        <line num="5" count="1" type="stmt"/>
      </file>
    </package>
    <package name="src.redux.reducers">
      <metrics statements="12" coveredstatements="6" conditionals="9" coveredconditionals="4" methods="2" coveredmethods="2"/>
      <file name="gifsReducer.js" path="C:\Users\HP\OneDrive\Desktop\React\gif-app\src\redux\reducers\gifsReducer.js">
        <metrics statements="6" coveredstatements="3" conditionals="5" coveredconditionals="2" methods="1" coveredmethods="1"/>
        <line num="3" count="1" type="stmt"/>
        <line num="8" count="3" type="cond" truecount="1" falsecount="3"/>
        <line num="10" count="0" type="stmt"/>
        <line num="15" count="0" type="stmt"/>
        <line num="20" count="0" type="stmt"/>
        <line num="25" count="3" type="stmt"/>
      </file>
      <file name="index.js" path="C:\Users\HP\OneDrive\Desktop\React\gif-app\src\redux\reducers\index.js">
        <metrics statements="1" coveredstatements="0" conditionals="0" coveredconditionals="0" methods="0" coveredmethods="0"/>
        <line num="5" count="0" type="stmt"/>
      </file>
      <file name="modalReducer.js" path="C:\Users\HP\OneDrive\Desktop\React\gif-app\src\redux\reducers\modalReducer.js">
        <metrics statements="5" coveredstatements="3" conditionals="4" coveredconditionals="2" methods="1" coveredmethods="1"/>
        <line num="3" count="1" type="stmt"/>
        <line num="9" count="3" type="cond" truecount="1" falsecount="2"/>
        <line num="11" count="0" type="stmt"/>
        <line num="17" count="0" type="stmt"/>
        <line num="23" count="3" type="stmt"/>
      </file>
    </package>
  </project>
</coverage>
