{"C:\\Users\\HP\\OneDrive\\Desktop\\React\\gif-app\\src\\App.js": {"path":"C:\\Users\\HP\\OneDrive\\Desktop\\React\\gif-app\\src\\App.js","statementMap":{"0":{"start":{"line":4,"column":12},"end":{"line":11,"column":1}},"1":{"start":{"line":5,"column":2},"end":{"line":10,"column":4}}},"fnMap":{"0":{"name":"(anonymous_0)","decl":{"start":{"line":4,"column":12},"end":{"line":4,"column":13}},"loc":{"start":{"line":4,"column":18},"end":{"line":11,"column":1}},"line":4}},"branchMap":{},"s":{"0":1,"1":1},"f":{"0":1},"b":{},"_coverageSchema":"1a1c01bbd47fc00a2c39e90264f33305004495a9","hash":"8b93cc5c521c9564969adc83535d9663050dbc1b"}
,"C:\\Users\\HP\\OneDrive\\Desktop\\React\\gif-app\\src\\index.js": {"path":"C:\\Users\\HP\\OneDrive\\Desktop\\React\\gif-app\\src\\index.js","statementMap":{"0":{"start":{"line":9,"column":13},"end":{"line":9,"column":65}},"1":{"start":{"line":11,"column":0},"end":{"line":17,"column":2}},"2":{"start":{"line":22,"column":0},"end":{"line":22,"column":18}}},"fnMap":{},"branchMap":{},"s":{"0":0,"1":0,"2":0},"f":{},"b":{}}
,"C:\\Users\\HP\\OneDrive\\Desktop\\React\\gif-app\\src\\reportWebVitals.js": {"path":"C:\\Users\\HP\\OneDrive\\Desktop\\React\\gif-app\\src\\reportWebVitals.js","statementMap":{"0":{"start":{"line":1,"column":24},"end":{"line":11,"column":1}},"1":{"start":{"line":2,"column":2},"end":{"line":10,"column":3}},"2":{"start":{"line":3,"column":4},"end":{"line":9,"column":7}},"3":{"start":{"line":4,"column":6},"end":{"line":4,"column":26}},"4":{"start":{"line":5,"column":6},"end":{"line":5,"column":26}},"5":{"start":{"line":6,"column":6},"end":{"line":6,"column":26}},"6":{"start":{"line":7,"column":6},"end":{"line":7,"column":26}},"7":{"start":{"line":8,"column":6},"end":{"line":8,"column":27}}},"fnMap":{"0":{"name":"(anonymous_0)","decl":{"start":{"line":1,"column":24},"end":{"line":1,"column":25}},"loc":{"start":{"line":1,"column":39},"end":{"line":11,"column":1}},"line":1},"1":{"name":"(anonymous_1)","decl":{"start":{"line":3,"column":30},"end":{"line":3,"column":31}},"loc":{"start":{"line":3,"column":79},"end":{"line":9,"column":5}},"line":3}},"branchMap":{"0":{"loc":{"start":{"line":2,"column":2},"end":{"line":10,"column":3}},"type":"if","locations":[{"start":{"line":2,"column":2},"end":{"line":10,"column":3}},{"start":{},"end":{}}],"line":2},"1":{"loc":{"start":{"line":2,"column":6},"end":{"line":2,"column":52}},"type":"binary-expr","locations":[{"start":{"line":2,"column":6},"end":{"line":2,"column":17}},{"start":{"line":2,"column":21},"end":{"line":2,"column":52}}],"line":2}},"s":{"0":0,"1":0,"2":0,"3":0,"4":0,"5":0,"6":0,"7":0},"f":{"0":0,"1":0},"b":{"0":[0,0],"1":[0,0]}}
,"C:\\Users\\HP\\OneDrive\\Desktop\\React\\gif-app\\src\\test-utils.js": {"path":"C:\\Users\\HP\\OneDrive\\Desktop\\React\\gif-app\\src\\test-utils.js","statementMap":{"0":{"start":{"line":21,"column":4},"end":{"line":21,"column":57}},"1":{"start":{"line":25,"column":2},"end":{"line":25,"column":74}}},"fnMap":{"0":{"name":"renderWithProviders","decl":{"start":{"line":8,"column":16},"end":{"line":8,"column":35}},"loc":{"start":{"line":19,"column":2},"end":{"line":26,"column":1}},"line":19},"1":{"name":"Wrapper","decl":{"start":{"line":20,"column":11},"end":{"line":20,"column":18}},"loc":{"start":{"line":20,"column":33},"end":{"line":22,"column":3}},"line":20}},"branchMap":{"0":{"loc":{"start":{"line":10,"column":2},"end":{"line":18,"column":8}},"type":"default-arg","locations":[{"start":{"line":18,"column":6},"end":{"line":18,"column":8}}],"line":10},"1":{"loc":{"start":{"line":11,"column":4},"end":{"line":11,"column":23}},"type":"default-arg","locations":[{"start":{"line":11,"column":21},"end":{"line":11,"column":23}}],"line":11},"2":{"loc":{"start":{"line":13,"column":4},"end":{"line":16,"column":6}},"type":"default-arg","locations":[{"start":{"line":13,"column":12},"end":{"line":16,"column":6}}],"line":13}},"s":{"0":1,"1":1},"f":{"0":1,"1":1},"b":{"0":[1],"1":[1],"2":[1]},"_coverageSchema":"1a1c01bbd47fc00a2c39e90264f33305004495a9","hash":"bbb7252cd8d627b880fc68d4d8fad96619a50c38"}
,"C:\\Users\\HP\\OneDrive\\Desktop\\React\\gif-app\\src\\Components\\GifList.jsx": {"path":"C:\\Users\\HP\\OneDrive\\Desktop\\React\\gif-app\\src\\Components\\GifList.jsx","statementMap":{"0":{"start":{"line":7,"column":16},"end":{"line":28,"column":1}},"1":{"start":{"line":8,"column":19},"end":{"line":21,"column":4}},"2":{"start":{"line":9,"column":20},"end":{"line":9,"column":47}},"3":{"start":{"line":10,"column":4},"end":{"line":20,"column":6}},"4":{"start":{"line":14,"column":46},"end":{"line":14,"column":68}},"5":{"start":{"line":23,"column":2},"end":{"line":27,"column":4}}},"fnMap":{"0":{"name":"(anonymous_0)","decl":{"start":{"line":7,"column":16},"end":{"line":7,"column":17}},"loc":{"start":{"line":7,"column":27},"end":{"line":28,"column":1}},"line":7},"1":{"name":"(anonymous_1)","decl":{"start":{"line":8,"column":36},"end":{"line":8,"column":37}},"loc":{"start":{"line":8,"column":52},"end":{"line":21,"column":3}},"line":8},"2":{"name":"(anonymous_2)","decl":{"start":{"line":14,"column":40},"end":{"line":14,"column":41}},"loc":{"start":{"line":14,"column":46},"end":{"line":14,"column":68}},"line":14}},"branchMap":{"0":{"loc":{"start":{"line":12,"column":9},"end":{"line":18,"column":9}},"type":"cond-expr","locations":[{"start":{"line":13,"column":10},"end":{"line":15,"column":16}},{"start":{"line":17,"column":10},"end":{"line":17,"column":12}}],"line":12}},"s":{"0":1,"1":1,"2":0,"3":0,"4":0,"5":1},"f":{"0":1,"1":0,"2":0},"b":{"0":[0,0]},"_coverageSchema":"1a1c01bbd47fc00a2c39e90264f33305004495a9","hash":"cd628af8d24fdf3c81ff9a94a4a2bf3d96ea8d76"}
,"C:\\Users\\HP\\OneDrive\\Desktop\\React\\gif-app\\src\\Components\\GifModal.jsx": {"path":"C:\\Users\\HP\\OneDrive\\Desktop\\React\\gif-app\\src\\Components\\GifModal.jsx","statementMap":{"0":{"start":{"line":12,"column":17},"end":{"line":52,"column":1}},"1":{"start":{"line":13,"column":22},"end":{"line":13,"column":71}},"2":{"start":{"line":13,"column":45},"end":{"line":13,"column":70}},"3":{"start":{"line":14,"column":22},"end":{"line":14,"column":71}},"4":{"start":{"line":14,"column":45},"end":{"line":14,"column":70}},"5":{"start":{"line":15,"column":19},"end":{"line":15,"column":32}},"6":{"start":{"line":16,"column":2},"end":{"line":18,"column":3}},"7":{"start":{"line":17,"column":4},"end":{"line":17,"column":23}},"8":{"start":{"line":20,"column":2},"end":{"line":51,"column":4}},"9":{"start":{"line":21,"column":54},"end":{"line":21,"column":76}},"10":{"start":{"line":23,"column":53},"end":{"line":23,"column":75}}},"fnMap":{"0":{"name":"(anonymous_0)","decl":{"start":{"line":12,"column":17},"end":{"line":12,"column":18}},"loc":{"start":{"line":12,"column":23},"end":{"line":52,"column":1}},"line":12},"1":{"name":"(anonymous_1)","decl":{"start":{"line":13,"column":34},"end":{"line":13,"column":35}},"loc":{"start":{"line":13,"column":45},"end":{"line":13,"column":70}},"line":13},"2":{"name":"(anonymous_2)","decl":{"start":{"line":14,"column":34},"end":{"line":14,"column":35}},"loc":{"start":{"line":14,"column":45},"end":{"line":14,"column":70}},"line":14},"3":{"name":"(anonymous_3)","decl":{"start":{"line":21,"column":48},"end":{"line":21,"column":49}},"loc":{"start":{"line":21,"column":54},"end":{"line":21,"column":76}},"line":21},"4":{"name":"(anonymous_4)","decl":{"start":{"line":23,"column":47},"end":{"line":23,"column":48}},"loc":{"start":{"line":23,"column":53},"end":{"line":23,"column":75}},"line":23}},"branchMap":{"0":{"loc":{"start":{"line":16,"column":2},"end":{"line":18,"column":3}},"type":"if","locations":[{"start":{"line":16,"column":2},"end":{"line":18,"column":3}},{"start":{},"end":{}}],"line":16},"1":{"loc":{"start":{"line":31,"column":9},"end":{"line":38,"column":9}},"type":"cond-expr","locations":[{"start":{"line":32,"column":10},"end":{"line":35,"column":14}},{"start":{"line":37,"column":10},"end":{"line":37,"column":12}}],"line":31},"2":{"loc":{"start":{"line":39,"column":9},"end":{"line":45,"column":9}},"type":"cond-expr","locations":[{"start":{"line":40,"column":10},"end":{"line":42,"column":14}},{"start":{"line":44,"column":10},"end":{"line":44,"column":12}}],"line":39}},"s":{"0":1,"1":1,"2":1,"3":1,"4":1,"5":1,"6":1,"7":1,"8":0,"9":0,"10":0},"f":{"0":1,"1":1,"2":1,"3":0,"4":0},"b":{"0":[1,0],"1":[0,0],"2":[0,0]},"_coverageSchema":"1a1c01bbd47fc00a2c39e90264f33305004495a9","hash":"529532d4f8a75bbd96a02bfe5df6c7bc6bfb7b3d"}
,"C:\\Users\\HP\\OneDrive\\Desktop\\React\\gif-app\\src\\Components\\Home.jsx": {"path":"C:\\Users\\HP\\OneDrive\\Desktop\\React\\gif-app\\src\\Components\\Home.jsx","statementMap":{"0":{"start":{"line":19,"column":13},"end":{"line":72,"column":1}},"1":{"start":{"line":20,"column":15},"end":{"line":20,"column":56}},"2":{"start":{"line":20,"column":38},"end":{"line":20,"column":55}},"3":{"start":{"line":21,"column":19},"end":{"line":21,"column":32}},"4":{"start":{"line":23,"column":40},"end":{"line":23,"column":51}},"5":{"start":{"line":24,"column":25},"end":{"line":24,"column":27}},"6":{"start":{"line":25,"column":28},"end":{"line":25,"column":56}},"7":{"start":{"line":26,"column":29},"end":{"line":26,"column":63}},"8":{"start":{"line":27,"column":25},"end":{"line":27,"column":75}},"9":{"start":{"line":28,"column":17},"end":{"line":28,"column":57}},"10":{"start":{"line":30,"column":2},"end":{"line":32,"column":9}},"11":{"start":{"line":31,"column":4},"end":{"line":31,"column":29}},"12":{"start":{"line":34,"column":2},"end":{"line":71,"column":4}},"13":{"start":{"line":39,"column":31},"end":{"line":39,"column":72}},"14":{"start":{"line":44,"column":23},"end":{"line":44,"column":47}},"15":{"start":{"line":51,"column":23},"end":{"line":51,"column":45}},"16":{"start":{"line":58,"column":38},"end":{"line":58,"column":74}}},"fnMap":{"0":{"name":"(anonymous_0)","decl":{"start":{"line":19,"column":13},"end":{"line":19,"column":14}},"loc":{"start":{"line":19,"column":19},"end":{"line":72,"column":1}},"line":19},"1":{"name":"(anonymous_1)","decl":{"start":{"line":20,"column":27},"end":{"line":20,"column":28}},"loc":{"start":{"line":20,"column":38},"end":{"line":20,"column":55}},"line":20},"2":{"name":"(anonymous_2)","decl":{"start":{"line":30,"column":12},"end":{"line":30,"column":13}},"loc":{"start":{"line":30,"column":18},"end":{"line":32,"column":3}},"line":30},"3":{"name":"(anonymous_3)","decl":{"start":{"line":39,"column":20},"end":{"line":39,"column":21}},"loc":{"start":{"line":39,"column":31},"end":{"line":39,"column":72}},"line":39},"4":{"name":"(anonymous_4)","decl":{"start":{"line":44,"column":17},"end":{"line":44,"column":18}},"loc":{"start":{"line":44,"column":23},"end":{"line":44,"column":47}},"line":44},"5":{"name":"(anonymous_5)","decl":{"start":{"line":51,"column":17},"end":{"line":51,"column":18}},"loc":{"start":{"line":51,"column":23},"end":{"line":51,"column":45}},"line":51},"6":{"name":"(anonymous_6)","decl":{"start":{"line":58,"column":21},"end":{"line":58,"column":22}},"loc":{"start":{"line":58,"column":38},"end":{"line":58,"column":74}},"line":58}},"branchMap":{"0":{"loc":{"start":{"line":61,"column":7},"end":{"line":69,"column":7}},"type":"cond-expr","locations":[{"start":{"line":62,"column":8},"end":{"line":66,"column":10}},{"start":{"line":68,"column":8},"end":{"line":68,"column":10}}],"line":61}},"s":{"0":1,"1":1,"2":1,"3":1,"4":1,"5":1,"6":1,"7":1,"8":1,"9":1,"10":1,"11":1,"12":1,"13":0,"14":0,"15":0,"16":0},"f":{"0":1,"1":1,"2":1,"3":0,"4":0,"5":0,"6":0},"b":{"0":[0,1]},"_coverageSchema":"1a1c01bbd47fc00a2c39e90264f33305004495a9","hash":"250a72be26c6eb550211241b00659a5f5675299c"}
,"C:\\Users\\HP\\OneDrive\\Desktop\\React\\gif-app\\src\\Components\\Pagination.jsx": {"path":"C:\\Users\\HP\\OneDrive\\Desktop\\React\\gif-app\\src\\Components\\Pagination.jsx","statementMap":{"0":{"start":{"line":12,"column":19},"end":{"line":51,"column":1}},"1":{"start":{"line":13,"column":22},"end":{"line":13,"column":60}},"2":{"start":{"line":15,"column":19},"end":{"line":17,"column":3}},"3":{"start":{"line":16,"column":4},"end":{"line":16,"column":64}},"4":{"start":{"line":16,"column":32},"end":{"line":16,"column":64}},"5":{"start":{"line":18,"column":19},"end":{"line":20,"column":3}},"6":{"start":{"line":19,"column":4},"end":{"line":19,"column":59}},"7":{"start":{"line":19,"column":27},"end":{"line":19,"column":59}},"8":{"start":{"line":21,"column":2},"end":{"line":50,"column":4}},"9":{"start":{"line":30,"column":10},"end":{"line":41,"column":15}},"10":{"start":{"line":35,"column":29},"end":{"line":35,"column":53}}},"fnMap":{"0":{"name":"(anonymous_0)","decl":{"start":{"line":12,"column":19},"end":{"line":12,"column":20}},"loc":{"start":{"line":12,"column":64},"end":{"line":51,"column":1}},"line":12},"1":{"name":"(anonymous_1)","decl":{"start":{"line":15,"column":19},"end":{"line":15,"column":20}},"loc":{"start":{"line":15,"column":25},"end":{"line":17,"column":3}},"line":15},"2":{"name":"(anonymous_2)","decl":{"start":{"line":18,"column":19},"end":{"line":18,"column":20}},"loc":{"start":{"line":18,"column":25},"end":{"line":20,"column":3}},"line":18},"3":{"name":"(anonymous_3)","decl":{"start":{"line":29,"column":25},"end":{"line":29,"column":26}},"loc":{"start":{"line":30,"column":10},"end":{"line":41,"column":15}},"line":30},"4":{"name":"(anonymous_4)","decl":{"start":{"line":35,"column":23},"end":{"line":35,"column":24}},"loc":{"start":{"line":35,"column":29},"end":{"line":35,"column":53}},"line":35}},"branchMap":{"0":{"loc":{"start":{"line":16,"column":4},"end":{"line":16,"column":64}},"type":"if","locations":[{"start":{"line":16,"column":4},"end":{"line":16,"column":64}},{"start":{},"end":{}}],"line":16},"1":{"loc":{"start":{"line":19,"column":4},"end":{"line":19,"column":59}},"type":"if","locations":[{"start":{"line":19,"column":4},"end":{"line":19,"column":59}},{"start":{},"end":{}}],"line":19},"2":{"loc":{"start":{"line":25,"column":37},"end":{"line":25,"column":72}},"type":"cond-expr","locations":[{"start":{"line":25,"column":57},"end":{"line":25,"column":67}},{"start":{"line":25,"column":70},"end":{"line":25,"column":72}}],"line":25},"3":{"loc":{"start":{"line":32,"column":36},"end":{"line":32,"column":76}},"type":"cond-expr","locations":[{"start":{"line":32,"column":63},"end":{"line":32,"column":71}},{"start":{"line":32,"column":74},"end":{"line":32,"column":76}}],"line":32},"4":{"loc":{"start":{"line":44,"column":37},"end":{"line":44,"column":78}},"type":"cond-expr","locations":[{"start":{"line":44,"column":63},"end":{"line":44,"column":73}},{"start":{"line":44,"column":76},"end":{"line":44,"column":78}}],"line":44}},"s":{"0":1,"1":0,"2":0,"3":0,"4":0,"5":0,"6":0,"7":0,"8":0,"9":0,"10":0},"f":{"0":0,"1":0,"2":0,"3":0,"4":0},"b":{"0":[0,0],"1":[0,0],"2":[0,0],"3":[0,0],"4":[0,0]},"_coverageSchema":"1a1c01bbd47fc00a2c39e90264f33305004495a9","hash":"ceed7ac1ccb956c50122daff3c8ab15883420d03"}
,"C:\\Users\\HP\\OneDrive\\Desktop\\React\\gif-app\\src\\redux\\store.js": {"path":"C:\\Users\\HP\\OneDrive\\Desktop\\React\\gif-app\\src\\redux\\store.js","statementMap":{"0":{"start":{"line":4,"column":21},"end":{"line":4,"column":59}}},"fnMap":{},"branchMap":{},"s":{"0":0},"f":{},"b":{}}
,"C:\\Users\\HP\\OneDrive\\Desktop\\React\\gif-app\\src\\redux\\actions\\index.js": {"path":"C:\\Users\\HP\\OneDrive\\Desktop\\React\\gif-app\\src\\redux\\actions\\index.js","statementMap":{"0":{"start":{"line":10,"column":16},"end":{"line":10,"column":54}},"1":{"start":{"line":11,"column":12},"end":{"line":11,"column":53}},"2":{"start":{"line":12,"column":16},"end":{"line":12,"column":59}},"3":{"start":{"line":13,"column":20},"end":{"line":13,"column":67}},"4":{"start":{"line":16,"column":2},"end":{"line":25,"column":4}},"5":{"start":{"line":17,"column":4},"end":{"line":24,"column":9}},"6":{"start":{"line":20,"column":8},"end":{"line":23,"column":11}},"7":{"start":{"line":29,"column":2},"end":{"line":36,"column":4}},"8":{"start":{"line":30,"column":4},"end":{"line":35,"column":7}},"9":{"start":{"line":31,"column":6},"end":{"line":34,"column":9}},"10":{"start":{"line":40,"column":2},"end":{"line":47,"column":4}},"11":{"start":{"line":41,"column":4},"end":{"line":46,"column":7}},"12":{"start":{"line":42,"column":6},"end":{"line":45,"column":9}},"13":{"start":{"line":51,"column":2},"end":{"line":54,"column":4}},"14":{"start":{"line":58,"column":2},"end":{"line":60,"column":4}}},"fnMap":{"0":{"name":"requestGifs","decl":{"start":{"line":15,"column":16},"end":{"line":15,"column":27}},"loc":{"start":{"line":15,"column":41},"end":{"line":26,"column":1}},"line":15},"1":{"name":"(anonymous_1)","decl":{"start":{"line":16,"column":9},"end":{"line":16,"column":10}},"loc":{"start":{"line":16,"column":29},"end":{"line":25,"column":3}},"line":16},"2":{"name":"(anonymous_2)","decl":{"start":{"line":19,"column":12},"end":{"line":19,"column":13}},"loc":{"start":{"line":19,"column":26},"end":{"line":24,"column":7}},"line":19},"3":{"name":"trendingGifs","decl":{"start":{"line":28,"column":16},"end":{"line":28,"column":28}},"loc":{"start":{"line":28,"column":31},"end":{"line":37,"column":1}},"line":28},"4":{"name":"(anonymous_4)","decl":{"start":{"line":29,"column":9},"end":{"line":29,"column":10}},"loc":{"start":{"line":29,"column":29},"end":{"line":36,"column":3}},"line":29},"5":{"name":"(anonymous_5)","decl":{"start":{"line":30,"column":41},"end":{"line":30,"column":42}},"loc":{"start":{"line":30,"column":55},"end":{"line":35,"column":5}},"line":30},"6":{"name":"recentGifs","decl":{"start":{"line":39,"column":16},"end":{"line":39,"column":26}},"loc":{"start":{"line":39,"column":29},"end":{"line":48,"column":1}},"line":39},"7":{"name":"(anonymous_7)","decl":{"start":{"line":40,"column":9},"end":{"line":40,"column":10}},"loc":{"start":{"line":40,"column":29},"end":{"line":47,"column":3}},"line":40},"8":{"name":"(anonymous_8)","decl":{"start":{"line":41,"column":59},"end":{"line":41,"column":60}},"loc":{"start":{"line":41,"column":73},"end":{"line":46,"column":5}},"line":41},"9":{"name":"openModal","decl":{"start":{"line":50,"column":16},"end":{"line":50,"column":25}},"loc":{"start":{"line":50,"column":31},"end":{"line":55,"column":1}},"line":50},"10":{"name":"closeModal","decl":{"start":{"line":57,"column":16},"end":{"line":57,"column":26}},"loc":{"start":{"line":57,"column":29},"end":{"line":61,"column":1}},"line":57}},"branchMap":{"0":{"loc":{"start":{"line":15,"column":28},"end":{"line":15,"column":39}},"type":"default-arg","locations":[{"start":{"line":15,"column":35},"end":{"line":15,"column":39}}],"line":15}},"s":{"0":1,"1":1,"2":1,"3":1,"4":0,"5":0,"6":0,"7":1,"8":1,"9":0,"10":0,"11":0,"12":0,"13":0,"14":0},"f":{"0":0,"1":0,"2":0,"3":1,"4":1,"5":0,"6":0,"7":0,"8":0,"9":0,"10":0},"b":{"0":[0]},"_coverageSchema":"1a1c01bbd47fc00a2c39e90264f33305004495a9","hash":"2bbffea0755ec2fe8c19798b601bdb89d1d6b3eb"}
,"C:\\Users\\HP\\OneDrive\\Desktop\\React\\gif-app\\src\\redux\\constants\\index.js": {"path":"C:\\Users\\HP\\OneDrive\\Desktop\\React\\gif-app\\src\\redux\\constants\\index.js","statementMap":{"0":{"start":{"line":1,"column":26},"end":{"line":1,"column":38}},"1":{"start":{"line":2,"column":27},"end":{"line":2,"column":40}},"2":{"start":{"line":3,"column":28},"end":{"line":3,"column":42}},"3":{"start":{"line":4,"column":27},"end":{"line":4,"column":40}},"4":{"start":{"line":5,"column":29},"end":{"line":5,"column":44}}},"fnMap":{},"branchMap":{},"s":{"0":1,"1":1,"2":1,"3":1,"4":1},"f":{},"b":{},"_coverageSchema":"1a1c01bbd47fc00a2c39e90264f33305004495a9","hash":"ea0665bf88391159258e91f898eef871e7c050a9"}
,"C:\\Users\\HP\\OneDrive\\Desktop\\React\\gif-app\\src\\redux\\reducers\\gifsReducer.js": {"path":"C:\\Users\\HP\\OneDrive\\Desktop\\React\\gif-app\\src\\redux\\reducers\\gifsReducer.js","statementMap":{"0":{"start":{"line":3,"column":21},"end":{"line":5,"column":1}},"1":{"start":{"line":8,"column":2},"end":{"line":26,"column":3}},"2":{"start":{"line":10,"column":6},"end":{"line":13,"column":8}},"3":{"start":{"line":15,"column":6},"end":{"line":18,"column":8}},"4":{"start":{"line":20,"column":6},"end":{"line":23,"column":8}},"5":{"start":{"line":25,"column":6},"end":{"line":25,"column":19}}},"fnMap":{"0":{"name":"gifs","decl":{"start":{"line":7,"column":24},"end":{"line":7,"column":28}},"loc":{"start":{"line":7,"column":59},"end":{"line":27,"column":1}},"line":7}},"branchMap":{"0":{"loc":{"start":{"line":7,"column":29},"end":{"line":7,"column":49}},"type":"default-arg","locations":[{"start":{"line":7,"column":37},"end":{"line":7,"column":49}}],"line":7},"1":{"loc":{"start":{"line":8,"column":2},"end":{"line":26,"column":3}},"type":"switch","locations":[{"start":{"line":9,"column":4},"end":{"line":13,"column":8}},{"start":{"line":14,"column":4},"end":{"line":18,"column":8}},{"start":{"line":19,"column":4},"end":{"line":23,"column":8}},{"start":{"line":24,"column":4},"end":{"line":25,"column":19}}],"line":8}},"s":{"0":1,"1":3,"2":0,"3":0,"4":0,"5":3},"f":{"0":3},"b":{"0":[3],"1":[0,0,0,3]},"_coverageSchema":"1a1c01bbd47fc00a2c39e90264f33305004495a9","hash":"0440879207e28f77833be88a4f79f8d9260fd249"}
,"C:\\Users\\HP\\OneDrive\\Desktop\\React\\gif-app\\src\\redux\\reducers\\index.js": {"path":"C:\\Users\\HP\\OneDrive\\Desktop\\React\\gif-app\\src\\redux\\reducers\\index.js","statementMap":{"0":{"start":{"line":5,"column":20},"end":{"line":8,"column":2}}},"fnMap":{},"branchMap":{},"s":{"0":0},"f":{},"b":{}}
,"C:\\Users\\HP\\OneDrive\\Desktop\\React\\gif-app\\src\\redux\\reducers\\modalReducer.js": {"path":"C:\\Users\\HP\\OneDrive\\Desktop\\React\\gif-app\\src\\redux\\reducers\\modalReducer.js","statementMap":{"0":{"start":{"line":3,"column":22},"end":{"line":6,"column":1}},"1":{"start":{"line":9,"column":4},"end":{"line":24,"column":5}},"2":{"start":{"line":11,"column":12},"end":{"line":15,"column":14}},"3":{"start":{"line":17,"column":12},"end":{"line":21,"column":14}},"4":{"start":{"line":23,"column":12},"end":{"line":23,"column":25}}},"fnMap":{"0":{"name":"modal","decl":{"start":{"line":8,"column":24},"end":{"line":8,"column":29}},"loc":{"start":{"line":8,"column":60},"end":{"line":25,"column":1}},"line":8}},"branchMap":{"0":{"loc":{"start":{"line":8,"column":30},"end":{"line":8,"column":50}},"type":"default-arg","locations":[{"start":{"line":8,"column":38},"end":{"line":8,"column":50}}],"line":8},"1":{"loc":{"start":{"line":9,"column":4},"end":{"line":24,"column":5}},"type":"switch","locations":[{"start":{"line":10,"column":8},"end":{"line":15,"column":14}},{"start":{"line":16,"column":8},"end":{"line":21,"column":14}},{"start":{"line":22,"column":8},"end":{"line":23,"column":25}}],"line":9}},"s":{"0":1,"1":3,"2":0,"3":0,"4":3},"f":{"0":3},"b":{"0":[3],"1":[0,0,3]},"_coverageSchema":"1a1c01bbd47fc00a2c39e90264f33305004495a9","hash":"ed0d1899fe2802ad22fe35dc3862e571e8a44192"}
}
